2020-10-06T13:21:06.581+0200 INFO submit order request initialized for user with name: username
2020-10-06T13:21:06.588+0200 INFO submit order request successfully fulfilled for user with name: username
2020-10-06T13:21:06.608+0200 INFO submit order request initialized for user with name: username
2020-10-06T13:21:06.609+0200 ERROR error during order submission - username not found - reference: username
2020-10-06T13:21:23.604+0200 INFO submit order request initialized for user with name: username
2020-10-06T13:21:23.612+0200 INFO submit order request successfully fulfilled for user with name: username
2020-10-06T13:23:47.119+0200 INFO submit order request initialized for user with name: username
2020-10-06T13:23:47.120+0200 ERROR error during order submission - username not found - reference: username
2020-10-06T13:23:52.384+0200 INFO submit order request initialized for user with name: username
2020-10-06T13:23:52.393+0200 INFO submit order request successfully fulfilled for user with name: username
2020-10-06T13:23:52.408+0200 INFO submit order request initialized for user with name: username
2020-10-06T13:23:52.409+0200 ERROR error during order submission - username not found - reference: username
2020-10-06T13:25:20.239+0200 INFO submit order request initialized for user with name: username
2020-10-06T13:25:20.246+0200 INFO submit order request successfully fulfilled for user with name: username
2020-10-06T13:25:20.258+0200 INFO submit order request initialized for user with name: username
2020-10-06T13:25:20.259+0200 ERROR error during order submission - username not found - reference: username
2020-10-06T13:26:47.099+0200 INFO submit order request initialized for user with name: username
2020-10-06T13:26:47.107+0200 INFO submit order request successfully fulfilled for user with name: username
2020-10-06T13:26:47.120+0200 INFO submit order request initialized for user with name: username
2020-10-06T13:26:47.121+0200 ERROR error during order submission - username not found - reference: username
2020-10-06T13:39:12.035+0200 INFO submit order request initialized for user with name: username
2020-10-06T13:39:12.041+0200 INFO submit order request successfully fulfilled for user with name: username
2020-10-06T13:39:12.056+0200 INFO submit order request initialized for user with name: username
2020-10-06T13:39:12.057+0200 ERROR error during order submission - username not found - reference: username
2020-10-06T13:39:12.058+0200 INFO order history request initialized for user with name: username
2020-10-06T13:39:12.058+0200 INFO order history request successfully fulfilled for user with name: username
2020-10-06T13:39:24.086+0200 INFO submit order request initialized for user with name: username
2020-10-06T13:39:24.093+0200 INFO submit order request successfully fulfilled for user with name: username
2020-10-06T13:39:24.109+0200 INFO submit order request initialized for user with name: username
2020-10-06T13:39:24.109+0200 ERROR error during order submission - username not found - reference: username
2020-10-06T13:39:24.110+0200 INFO order history request initialized for user with name: username
2020-10-06T13:39:24.111+0200 INFO order history request successfully fulfilled for user with name: username
2020-10-06T13:40:28.520+0200 INFO submit order request initialized for user with name: username
2020-10-06T13:40:28.528+0200 INFO submit order request successfully fulfilled for user with name: username
2020-10-06T13:40:28.547+0200 INFO submit order request initialized for user with name: username
2020-10-06T13:40:28.548+0200 ERROR error during order submission - username not found - reference: username
2020-10-06T13:40:28.549+0200 INFO order history request initialized for user with name: username
2020-10-06T13:40:28.550+0200 INFO order history request successfully fulfilled for user with name: username
2020-10-06T13:40:28.551+0200 INFO order history request initialized for user with name: username
2020-10-06T13:40:28.552+0200 ERROR error during history request - username not found - reference: username
2020-10-06T13:41:09.649+0200 INFO submit order request initialized for user with name: username
2020-10-06T13:41:09.658+0200 INFO submit order request successfully fulfilled for user with name: username
2020-10-06T13:41:09.672+0200 INFO submit order request initialized for user with name: username
2020-10-06T13:41:09.672+0200 ERROR error during order submission - username not found - reference: username
2020-10-06T13:41:09.673+0200 INFO order history request initialized for user with name: username
2020-10-06T13:41:09.674+0200 INFO order history request successfully fulfilled for user with name: username
2020-10-06T13:41:09.675+0200 INFO order history request initialized for user with name: username
2020-10-06T13:41:09.675+0200 ERROR error during history request - username not found - reference: username
2020-10-06T13:42:10.593+0200 INFO submit order request initialized for user with name: username
2020-10-06T13:42:10.599+0200 INFO submit order request successfully fulfilled for user with name: username
2020-10-06T13:42:10.612+0200 INFO submit order request initialized for user with name: username
2020-10-06T13:42:10.612+0200 ERROR error during order submission - username not found - reference: username
2020-10-06T13:42:10.613+0200 INFO order history request initialized for user with name: username
2020-10-06T13:42:10.613+0200 INFO order history request successfully fulfilled for user with name: username
2020-10-06T13:42:10.614+0200 INFO order history request initialized for user with name: username
2020-10-06T13:42:10.615+0200 ERROR error during history request - username not found - reference: username
2020-10-06T13:42:21.761+0200 INFO submit order request initialized for user with name: username
2020-10-06T13:42:21.768+0200 INFO submit order request successfully fulfilled for user with name: username
2020-10-06T13:42:21.783+0200 INFO submit order request initialized for user with name: username
2020-10-06T13:42:21.783+0200 ERROR error during order submission - username not found - reference: username
2020-10-06T13:42:21.784+0200 INFO order history request initialized for user with name: username
2020-10-06T13:42:21.784+0200 INFO order history request successfully fulfilled for user with name: username
2020-10-06T13:42:21.785+0200 INFO order history request initialized for user with name: username
2020-10-06T13:42:21.785+0200 ERROR error during history request - username not found - reference: username
2020-10-06T13:42:48.303+0200 INFO find request initialized for user with name: username2
2020-10-06T13:42:48.323+0200 INFO find request initialized for user with name: username
2020-10-06T13:42:48.325+0200 INFO find request initialized for user with id: 0
2020-10-06T13:42:48.327+0200 INFO create user request initialized for user with name: username
2020-10-06T13:42:48.327+0200 ERROR error during user creation - password criteria not met - reference: username
2020-10-06T13:42:48.328+0200 INFO create user request initialized for user with name: username
2020-10-06T13:42:48.328+0200 ERROR error during user creation - password criteria not met - reference: username
2020-10-06T13:42:48.330+0200 INFO create user request initialized for user with name: username
2020-10-06T13:42:48.330+0200 INFO create user request successfully fulfilled for user with name: username
2020-10-06T13:42:48.331+0200 INFO find request initialized for user with id: 3
2020-10-06T13:48:34.690+0200 INFO find request initialized for user with name: username2
2020-10-06T13:48:34.716+0200 INFO find request initialized for user with name: username
2020-10-06T13:48:34.719+0200 INFO find request initialized for user with id: 0
2020-10-06T13:48:34.722+0200 INFO create user request initialized for user with name: username
2020-10-06T13:48:34.722+0200 ERROR error during user creation - password criteria not met - reference: username
2020-10-06T13:48:34.723+0200 INFO create user request initialized for user with name: username
2020-10-06T13:48:34.723+0200 ERROR error during user creation - password criteria not met - reference: username
2020-10-06T13:48:34.725+0200 INFO create user request initialized for user with name: username
2020-10-06T13:48:34.726+0200 INFO create user request successfully fulfilled for user with name: username
2020-10-06T13:48:34.727+0200 INFO find request initialized for user with id: 3
2020-10-06T13:48:43.811+0200 INFO item request for item with id: 1
2020-10-06T13:53:31.868+0200 INFO item request for item with id: 1
2020-10-06T13:53:31.890+0200 INFO item request for item with id: 1
2020-10-06T13:53:31.896+0200 INFO item request for item with id: 1
2020-10-06T13:55:11.505+0200 INFO item request for item with id: 1
2020-10-06T13:55:11.527+0200 INFO item request for item with name: sand toy
2020-10-06T13:55:11.528+0200 INFO item request for item with id: 1
2020-10-06T13:56:01.698+0200 INFO item request for item with id: 1
2020-10-06T13:56:01.718+0200 INFO item request for item with name: sand toy
2020-10-06T13:56:01.719+0200 INFO item request for item with name: sand toy
2020-10-06T13:56:01.720+0200 INFO item request for item with id: 1
2020-10-06T13:56:07.531+0200 INFO item request for item with id: 1
2020-10-06T13:56:07.558+0200 INFO item request for item with name: sand toy
2020-10-06T13:56:07.559+0200 INFO item request for item with name: sand toy
2020-10-06T13:56:07.560+0200 INFO item request for item with id: 1
2020-10-06T14:01:28.368+0200 INFO item request for item with id: 1
2020-10-06T14:01:28.405+0200 INFO item request for item with name: sand toy
2020-10-06T14:01:28.407+0200 INFO item request for item with name: sand toy
2020-10-06T14:01:28.408+0200 INFO item request for item with id: 1
2020-10-06T14:01:33.385+0200 INFO adding to cart initialized for user with name: username
2020-10-06T14:01:33.392+0200 ERROR error during adding item to cart - invalid username: username
2020-10-06T14:01:33.406+0200 INFO adding to cart initialized for user with name: username
2020-10-06T14:01:33.408+0200 INFO adding item to cart successfully fulfilled for user with name: username
2020-10-06T14:02:10.770+0200 INFO adding to cart initialized for user with name: username
2020-10-06T14:02:10.777+0200 ERROR error during adding item to cart - invalid username: username
2020-10-06T14:02:10.790+0200 INFO adding to cart initialized for user with name: username
2020-10-06T14:02:10.792+0200 INFO adding item to cart successfully fulfilled for user with name: username
2020-10-06T14:04:22.425+0200 INFO adding to cart initialized for user with name: username
2020-10-06T14:04:22.431+0200 ERROR error during adding item to cart - invalid username: username
2020-10-06T14:04:22.445+0200 INFO adding to cart initialized for user with name: username
2020-10-06T14:04:22.446+0200 INFO adding item to cart successfully fulfilled for user with name: username
2020-10-06T14:04:22.447+0200 INFO adding to cart initialized for user with name: username
2020-10-06T14:04:22.448+0200 ERROR error during adding item to cart - invalid username: username
2020-10-06T14:11:35.344+0200 INFO adding to cart initialized for user with name: username
2020-10-06T14:11:35.350+0200 ERROR error during adding item to cart - invalid username: username
2020-10-06T14:11:35.363+0200 INFO adding to cart initialized for user with name: username
2020-10-06T14:11:35.364+0200 INFO adding item to cart successfully fulfilled for user with name: username
2020-10-06T14:11:35.365+0200 INFO adding to cart initialized for user with name: username
2020-10-06T14:11:35.365+0200 ERROR error during adding item to cart - invalid username: username
2020-10-06T14:11:35.366+0200 ERROR error during removing item from cart - invalid username: username
2020-10-06T14:11:35.367+0200 INFO removing item from cart successfully fulfilled for user with name: username
2020-10-06T14:13:41.498+0200 INFO adding to cart initialized for user with name: username
2020-10-06T14:13:41.505+0200 ERROR error during adding item to cart - invalid username: username
2020-10-06T14:13:41.524+0200 INFO adding to cart initialized for user with name: username
2020-10-06T14:13:41.526+0200 INFO adding item to cart successfully fulfilled for user with name: username
2020-10-06T14:13:41.527+0200 INFO adding to cart initialized for user with name: username
2020-10-06T14:13:41.528+0200 ERROR error during adding item to cart - invalid username: username
2020-10-06T14:13:41.529+0200 ERROR error during removing item from cart - invalid username: username
2020-10-06T14:13:41.531+0200 INFO removing item from cart successfully fulfilled for user with name: username
2020-10-06T14:15:22.716+0200 INFO adding to cart initialized for user with name: username
2020-10-06T14:15:22.722+0200 ERROR error during adding item to cart - invalid username: username
2020-10-06T14:15:22.737+0200 INFO adding to cart initialized for user with name: username
2020-10-06T14:15:22.738+0200 INFO adding item to cart successfully fulfilled for user with name: username
2020-10-06T14:15:22.739+0200 INFO adding to cart initialized for user with name: username
2020-10-06T14:15:22.740+0200 ERROR error during adding item to cart - invalid username: username
2020-10-06T14:15:22.741+0200 ERROR error during removing item from cart - invalid username: username
2020-10-06T14:15:22.742+0200 ERROR error during removing item from cart - invalid username: username
2020-10-06T14:15:22.744+0200 INFO removing item from cart successfully fulfilled for user with name: username
2020-10-06T14:17:33.664+0200 INFO adding to cart initialized for user with name: username
2020-10-06T14:17:33.674+0200 ERROR error during adding item to cart - invalid username: username
2020-10-06T14:17:33.699+0200 INFO adding to cart initialized for user with name: username
2020-10-06T14:17:33.701+0200 INFO adding item to cart successfully fulfilled for user with name: username
2020-10-06T14:17:52.675+0200 INFO adding to cart initialized for user with name: username
2020-10-06T14:18:05.929+0200 ERROR error during adding item to cart - invalid username: username
2020-10-06T14:18:05.932+0200 ERROR error during removing item from cart - invalid username: username
2020-10-06T14:18:05.933+0200 ERROR error during removing item from cart - invalid username: username
2020-10-06T14:18:05.936+0200 INFO removing item from cart successfully fulfilled for user with name: username
2020-10-06T14:18:56.403+0200 INFO adding to cart initialized for user with name: username
2020-10-06T14:18:56.410+0200 ERROR error during adding item to cart - invalid username: username
2020-10-06T14:18:56.426+0200 INFO adding to cart initialized for user with name: username
2020-10-06T14:18:56.428+0200 INFO adding item to cart successfully fulfilled for user with name: username
2020-10-06T14:18:56.429+0200 INFO adding to cart initialized for user with name: username
2020-10-06T14:18:56.429+0200 ERROR error during adding item to cart - invalid itemid: 1
2020-10-06T14:18:56.430+0200 ERROR error during removing item from cart - invalid username: username
2020-10-06T14:18:56.431+0200 ERROR error during removing item from cart - invalid username: username
2020-10-06T14:18:56.433+0200 INFO removing item from cart successfully fulfilled for user with name: username
2020-10-06T14:19:47.587+0200 INFO adding to cart initialized for user with name: username
2020-10-06T14:19:47.594+0200 ERROR error during adding item to cart - invalid username: username
2020-10-06T14:19:47.608+0200 INFO adding to cart initialized for user with name: username
2020-10-06T14:19:47.609+0200 INFO adding item to cart successfully fulfilled for user with name: username
2020-10-06T14:19:47.610+0200 INFO adding to cart initialized for user with name: username
2020-10-06T14:19:47.610+0200 ERROR error during adding item to cart - invalid itemid: 1
2020-10-06T14:19:47.611+0200 ERROR error during removing item from cart - invalid username: username
2020-10-06T14:19:47.612+0200 ERROR error during removing item from cart - invalid username: username
2020-10-06T14:19:47.613+0200 INFO removing item from cart successfully fulfilled for user with name: username
2020-10-06T14:20:53.879+0200 INFO adding to cart initialized for user with name: username
2020-10-06T14:20:53.886+0200 ERROR error during adding item to cart - invalid username: username
2020-10-06T14:20:53.901+0200 INFO adding to cart initialized for user with name: username
2020-10-06T14:20:53.903+0200 INFO adding item to cart successfully fulfilled for user with name: username
2020-10-06T14:20:53.904+0200 INFO adding to cart initialized for user with name: username
2020-10-06T14:20:53.904+0200 ERROR error during adding item to cart - invalid itemid: 1
2020-10-06T14:20:53.905+0200 ERROR error during removing item from cart - invalid itemid: 1
2020-10-06T14:20:53.906+0200 ERROR error during removing item from cart - invalid username: username
2020-10-06T14:20:53.907+0200 INFO removing item from cart successfully fulfilled for user with name: username
2020-10-06T14:21:29.775+0200 INFO adding to cart initialized for user with name: username
2020-10-06T14:21:29.787+0200 ERROR error during adding item to cart - invalid username: username
2020-10-06T14:21:29.815+0200 INFO adding to cart initialized for user with name: username
2020-10-06T14:21:29.816+0200 INFO adding item to cart successfully fulfilled for user with name: username
2020-10-06T14:21:29.818+0200 INFO adding to cart initialized for user with name: username
2020-10-06T14:21:29.819+0200 ERROR error during adding item to cart - invalid itemid: 1
2020-10-06T14:21:29.820+0200 ERROR error during removing item from cart - invalid itemid: 1
2020-10-06T14:21:29.822+0200 ERROR error during removing item from cart - invalid username: username
2020-10-06T14:21:29.825+0200 INFO removing item from cart successfully fulfilled for user with name: username
2020-10-06T14:21:29.828+0200 INFO item request for item with id: 1
2020-10-06T14:21:29.833+0200 INFO item request for item with name: sand toy
2020-10-06T14:21:29.835+0200 INFO item request for item with name: sand toy
2020-10-06T14:21:29.837+0200 INFO item request for item with id: 1
2020-10-06T14:21:29.945+0200 INFO submit order request initialized for user with name: username
2020-10-06T14:21:29.946+0200 INFO submit order request successfully fulfilled for user with name: username
2020-10-06T14:21:29.947+0200 INFO submit order request initialized for user with name: username
2020-10-06T14:21:29.947+0200 ERROR error during order submission - username not found - reference: username
2020-10-06T14:21:29.948+0200 INFO order history request initialized for user with name: username
2020-10-06T14:21:29.949+0200 INFO order history request successfully fulfilled for user with name: username
2020-10-06T14:21:29.951+0200 INFO order history request initialized for user with name: username
2020-10-06T14:21:29.951+0200 ERROR error during history request - username not found - reference: username
2020-10-06T14:21:29.955+0200 INFO find request initialized for user with name: username2
2020-10-06T14:21:29.957+0200 INFO find request initialized for user with name: username
2020-10-06T14:21:29.958+0200 INFO find request initialized for user with id: 0
2020-10-06T14:21:29.961+0200 INFO create user request initialized for user with name: username
2020-10-06T14:21:29.961+0200 ERROR error during user creation - password criteria not met - reference: username
2020-10-06T14:21:29.962+0200 INFO create user request initialized for user with name: username
2020-10-06T14:21:29.963+0200 ERROR error during user creation - password criteria not met - reference: username
2020-10-06T14:21:29.966+0200 INFO create user request initialized for user with name: username
2020-10-06T14:21:29.967+0200 INFO create user request successfully fulfilled for user with name: username
2020-10-06T14:21:29.968+0200 INFO find request initialized for user with id: 3
2020-10-06T14:22:29.325+0200 INFO adding to cart initialized for user with name: username
2020-10-06T14:22:29.331+0200 ERROR error during adding item to cart - invalid username: username
2020-10-06T14:22:29.343+0200 INFO adding to cart initialized for user with name: username
2020-10-06T14:22:29.344+0200 INFO adding item to cart successfully fulfilled for user with name: username
2020-10-06T14:22:29.345+0200 INFO adding to cart initialized for user with name: username
2020-10-06T14:22:29.345+0200 ERROR error during adding item to cart - invalid itemid: 1
2020-10-06T14:22:29.346+0200 ERROR error during removing item from cart - invalid itemid: 1
2020-10-06T14:22:29.347+0200 ERROR error during removing item from cart - invalid username: username
2020-10-06T14:22:29.348+0200 INFO removing item from cart successfully fulfilled for user with name: username
2020-10-06T14:22:29.350+0200 INFO item request for item with id: 1
2020-10-06T14:22:29.353+0200 INFO item request for item with name: sand toy
2020-10-06T14:22:29.354+0200 INFO item request for item with name: sand toy
2020-10-06T14:22:29.354+0200 INFO item request for item with id: 1
2020-10-06T14:22:29.400+0200 INFO submit order request initialized for user with name: username
2020-10-06T14:22:29.401+0200 INFO submit order request successfully fulfilled for user with name: username
2020-10-06T14:22:29.402+0200 INFO submit order request initialized for user with name: username
2020-10-06T14:22:29.402+0200 ERROR error during order submission - username not found - reference: username
2020-10-06T14:22:29.403+0200 INFO order history request initialized for user with name: username
2020-10-06T14:22:29.403+0200 INFO order history request successfully fulfilled for user with name: username
2020-10-06T14:22:29.403+0200 INFO order history request initialized for user with name: username
2020-10-06T14:22:29.404+0200 ERROR error during history request - username not found - reference: username
2020-10-06T14:22:29.405+0200 INFO find request initialized for user with name: username2
2020-10-06T14:22:29.406+0200 INFO find request initialized for user with name: username
2020-10-06T14:22:29.407+0200 INFO find request initialized for user with id: 0
2020-10-06T14:22:29.408+0200 INFO create user request initialized for user with name: username
2020-10-06T14:22:29.408+0200 ERROR error during user creation - password criteria not met - reference: username
2020-10-06T14:22:29.408+0200 INFO create user request initialized for user with name: username
2020-10-06T14:22:29.408+0200 ERROR error during user creation - password criteria not met - reference: username
2020-10-06T14:22:29.410+0200 INFO create user request initialized for user with name: username
2020-10-06T14:22:29.411+0200 INFO create user request successfully fulfilled for user with name: username
2020-10-06T14:22:29.411+0200 INFO find request initialized for user with id: 3
2020-10-06T14:22:38.375+0200 INFO adding to cart initialized for user with name: username
2020-10-06T14:22:38.382+0200 ERROR error during adding item to cart - invalid username: username
2020-10-06T14:22:38.395+0200 INFO adding to cart initialized for user with name: username
2020-10-06T14:22:38.396+0200 INFO adding item to cart successfully fulfilled for user with name: username
2020-10-06T14:22:38.397+0200 INFO adding to cart initialized for user with name: username
2020-10-06T14:22:38.397+0200 ERROR error during adding item to cart - invalid itemid: 1
2020-10-06T14:22:38.398+0200 ERROR error during removing item from cart - invalid itemid: 1
2020-10-06T14:22:38.399+0200 ERROR error during removing item from cart - invalid username: username
2020-10-06T14:22:38.400+0200 INFO removing item from cart successfully fulfilled for user with name: username
2020-10-06T14:22:38.402+0200 INFO item request for item with id: 1
2020-10-06T14:22:38.405+0200 INFO item request for item with name: sand toy
2020-10-06T14:22:38.406+0200 INFO item request for item with name: sand toy
2020-10-06T14:22:38.407+0200 INFO item request for item with id: 1
2020-10-06T14:22:38.458+0200 INFO submit order request initialized for user with name: username
2020-10-06T14:22:38.458+0200 INFO submit order request successfully fulfilled for user with name: username
2020-10-06T14:22:38.459+0200 INFO submit order request initialized for user with name: username
2020-10-06T14:22:38.459+0200 ERROR error during order submission - username not found - reference: username
2020-10-06T14:22:38.460+0200 INFO order history request initialized for user with name: username
2020-10-06T14:22:38.460+0200 INFO order history request successfully fulfilled for user with name: username
2020-10-06T14:22:38.461+0200 INFO order history request initialized for user with name: username
2020-10-06T14:22:38.461+0200 ERROR error during history request - username not found - reference: username
2020-10-06T14:22:38.462+0200 INFO find request initialized for user with name: username2
2020-10-06T14:22:38.463+0200 INFO find request initialized for user with name: username
2020-10-06T14:22:38.464+0200 INFO find request initialized for user with id: 0
2020-10-06T14:22:38.465+0200 INFO create user request initialized for user with name: username
2020-10-06T14:22:38.465+0200 ERROR error during user creation - password criteria not met - reference: username
2020-10-06T14:22:38.466+0200 INFO create user request initialized for user with name: username
2020-10-06T14:22:38.466+0200 ERROR error during user creation - password criteria not met - reference: username
2020-10-06T14:22:38.467+0200 INFO create user request initialized for user with name: username
2020-10-06T14:22:38.468+0200 INFO create user request successfully fulfilled for user with name: username
2020-10-06T14:22:38.469+0200 INFO find request initialized for user with id: 3
